0 info it worked if it ends with ok
1 verbose cli [ 'C:\\Program Files (x86)\\nodejs\\\\node.exe',
1 verbose cli   'C:\\Program Files (x86)\\nodejs\\node_modules\\npm\\bin\\npm-cli.js',
1 verbose cli   'install',
1 verbose cli   'cloudnode' ]
2 info using npm@1.4.28
3 info using node@v0.10.32
4 verbose node symlink C:\Program Files (x86)\nodejs\\node.exe
5 warn package.json node-api@0.0.0-3 No repository field.
6 verbose readDependencies using package.json deps
7 verbose cache add [ 'cloudnode', null ]
8 verbose cache add name=undefined spec="cloudnode" args=["cloudnode",null]
9 verbose parsed url { protocol: null,
9 verbose parsed url   slashes: null,
9 verbose parsed url   auth: null,
9 verbose parsed url   host: null,
9 verbose parsed url   port: null,
9 verbose parsed url   hostname: null,
9 verbose parsed url   hash: null,
9 verbose parsed url   search: null,
9 verbose parsed url   query: null,
9 verbose parsed url   pathname: 'cloudnode',
9 verbose parsed url   path: 'cloudnode',
9 verbose parsed url   href: 'cloudnode' }
10 silly lockFile 759c55db-cloudnode cloudnode
11 verbose lock cloudnode C:\Users\biscuit\AppData\Roaming\npm-cache\759c55db-cloudnode.lock
12 silly lockFile 759c55db-cloudnode cloudnode
13 silly lockFile 759c55db-cloudnode cloudnode
14 verbose addNamed [ 'cloudnode', '' ]
15 verbose addNamed [ null, '*' ]
16 silly lockFile cb18ac6d-cloudnode cloudnode@
17 verbose lock cloudnode@ C:\Users\biscuit\AppData\Roaming\npm-cache\cb18ac6d-cloudnode.lock
18 silly addNameRange { name: 'cloudnode', range: '*', hasData: false }
19 verbose request where is /cloudnode
20 verbose request registry https://registry.npmjs.org/
21 verbose request id 38c210e2d360302c
22 verbose url raw /cloudnode
23 verbose url resolving [ 'https://registry.npmjs.org/', './cloudnode' ]
24 verbose url resolved https://registry.npmjs.org/cloudnode
25 verbose request where is https://registry.npmjs.org/cloudnode
26 info trying registry request attempt 1 at 13:22:25
27 http GET https://registry.npmjs.org/cloudnode
28 http 404 https://registry.npmjs.org/cloudnode
29 verbose headers { date: 'Sat, 10 Jan 2015 12:22:26 GMT',
29 verbose headers   server: 'CouchDB/1.5.0 (Erlang OTP/R16B03)',
29 verbose headers   'content-type': 'application/json',
29 verbose headers   'cache-control': 'max-age=0',
29 verbose headers   'content-length': '52',
29 verbose headers   'accept-ranges': 'bytes',
29 verbose headers   via: '1.1 varnish',
29 verbose headers   age: '0',
29 verbose headers   'x-served-by': 'cache-lhr6327-LHR',
29 verbose headers   'x-cache': 'MISS',
29 verbose headers   'x-cache-hits': '0',
29 verbose headers   'x-timer': 'S1420892546.186123,VS0,VE628',
29 verbose headers   'keep-alive': 'timeout=10, max=50',
29 verbose headers   connection: 'Keep-Alive' }
30 silly registry.get cb [ 404,
30 silly registry.get   { date: 'Sat, 10 Jan 2015 12:22:26 GMT',
30 silly registry.get     server: 'CouchDB/1.5.0 (Erlang OTP/R16B03)',
30 silly registry.get     'content-type': 'application/json',
30 silly registry.get     'cache-control': 'max-age=0',
30 silly registry.get     'content-length': '52',
30 silly registry.get     'accept-ranges': 'bytes',
30 silly registry.get     via: '1.1 varnish',
30 silly registry.get     age: '0',
30 silly registry.get     'x-served-by': 'cache-lhr6327-LHR',
30 silly registry.get     'x-cache': 'MISS',
30 silly registry.get     'x-cache-hits': '0',
30 silly registry.get     'x-timer': 'S1420892546.186123,VS0,VE628',
30 silly registry.get     'keep-alive': 'timeout=10, max=50',
30 silly registry.get     connection: 'Keep-Alive' } ]
31 silly lockFile cb18ac6d-cloudnode cloudnode@
32 silly lockFile cb18ac6d-cloudnode cloudnode@
33 error 404 404 Not Found: cloudnode
33 error 404
33 error 404 'cloudnode' is not in the npm registry.
33 error 404 You should bug the author to publish it
33 error 404 It was specified as a dependency of 'node-api'
33 error 404
33 error 404 Note that you can also install from a
33 error 404 tarball, folder, or http url, or git url.
34 error System Windows_NT 6.1.7601
35 error command "C:\\Program Files (x86)\\nodejs\\\\node.exe" "C:\\Program Files (x86)\\nodejs\\node_modules\\npm\\bin\\npm-cli.js" "install" "cloudnode"
36 error cwd C:\NodeJS\node-api
37 error node -v v0.10.32
38 error npm -v 1.4.28
39 error code E404
40 verbose exit [ 1, true ]
